<?xml version="1.0" encoding="UTF-8"?>
<testsuite xmlns:xsi="http://www.w3.org/2001/XMLSchema-instance" xsi:noNamespaceSchemaLocation="https://maven.apache.org/surefire/maven-surefire-plugin/xsd/surefire-test-report.xsd" version="3.0.2" name="com.groupcordillera.ms_kpi.repository.AreaRepositoryTest" time="1.994" tests="2" errors="0" skipped="0" failures="0">
  <properties>
[...]
</properties>
  <testcase name="findAll_debeRetornarAreas" classname="com.groupcordillera.ms_kpi.repository.AreaRepositoryTest" time="0.14">
    <system-out><![CDATA[13:27:00.867 [main] INFO org.springframework.test.context.support.AnnotationConfigContextLoaderUtils -- Could not detect default configuration classes for test class [com.groupcordillera.ms_kpi.repository.AreaRepositoryTest]: AreaRepositoryTest does not declare any static, non-private, non-final, nested classes annotated with @Configuration.
13:27:00.956 [main] INFO org.springframework.boot.test.context.SpringBootTestContextBootstrapper -- Found @SpringBootConfiguration com.groupcordillera.ms_kpi.MsKpiApplication for test class com.groupcordillera.ms_kpi.repository.AreaRepositoryTest
13:27:01.003 [main] INFO org.springframework.boot.devtools.restart.RestartApplicationListener -- Restart disabled due to context in which it is running

  .   ____          _            __ _ _
 /\\ / ___'_ __ _ _(_)_ __  __ _ \ \ \ \
( ( )\___ | '_ | '_| | '_ \/ _` | \ \ \ \
 \\/  ___)| |_)| | | | | || (_| |  ) ) ) )
  '  |____| .__|_| |_|_| |_\__, | / / / /
 =========|_|==============|___/=/_/_/_/

 :: Spring Boot ::                (v3.4.6)

2026-06-25T13:27:01.226-04:00  INFO 29768 --- [ms-kpi] [           main] c.g.m.repository.AreaRepositoryTest      : Starting AreaRepositoryTest using Java 25.0.1 with PID 29768 (started by AO-Alumno in C:\Users\AO-Alumno\Desktop\GrupoCordillera-main\backend\ms-kpi)
2026-06-25T13:27:01.227-04:00  INFO 29768 --- [ms-kpi] [           main] c.g.m.repository.AreaRepositoryTest      : No active profile set, falling back to 1 default profile: "default"
2026-06-25T13:27:01.442-04:00  INFO 29768 --- [ms-kpi] [           main] .s.d.r.c.RepositoryConfigurationDelegate : Bootstrapping Spring Data JPA repositories in DEFAULT mode.
2026-06-25T13:27:01.478-04:00  INFO 29768 --- [ms-kpi] [           main] .s.d.r.c.RepositoryConfigurationDelegate : Finished Spring Data repository scanning in 28 ms. Found 2 JPA repository interfaces.
2026-06-25T13:27:01.515-04:00  INFO 29768 --- [ms-kpi] [           main] beddedDataSourceBeanFactoryPostProcessor : Replacing 'dataSource' DataSource bean with embedded version
2026-06-25T13:27:01.580-04:00  INFO 29768 --- [ms-kpi] [           main] o.s.j.d.e.EmbeddedDatabaseFactory        : Starting embedded database: url='jdbc:h2:mem:0fb200ab-3d20-432f-9a33-7da4cc76acd4;DB_CLOSE_DELAY=-1;DB_CLOSE_ON_EXIT=false', username='sa'
2026-06-25T13:27:01.772-04:00  INFO 29768 --- [ms-kpi] [           main] o.hibernate.jpa.internal.util.LogHelper  : HHH000204: Processing PersistenceUnitInfo [name: default]
2026-06-25T13:27:01.806-04:00  INFO 29768 --- [ms-kpi] [           main] org.hibernate.Version                    : HHH000412: Hibernate ORM core version 6.6.15.Final
2026-06-25T13:27:01.828-04:00  INFO 29768 --- [ms-kpi] [           main] o.h.c.internal.RegionFactoryInitiator    : HHH000026: Second-level cache disabled
2026-06-25T13:27:01.907-04:00  INFO 29768 --- [ms-kpi] [           main] o.s.o.j.p.SpringPersistenceUnitInfo      : No LoadTimeWeaver setup: ignoring JPA class transformer
2026-06-25T13:27:01.961-04:00  INFO 29768 --- [ms-kpi] [           main] org.hibernate.orm.connections.pooling    : HHH10001005: Database info:
	Database JDBC URL [Connecting through datasource 'org.springframework.jdbc.datasource.embedded.EmbeddedDatabaseFactory$EmbeddedDataSourceProxy@73d91faf']
	Database driver: undefined/unknown
	Database version: 2.3.232
	Autocommit mode: undefined/unknown
	Isolation level: undefined/unknown
	Minimum pool size: undefined/unknown
	Maximum pool size: undefined/unknown
2026-06-25T13:27:02.379-04:00  INFO 29768 --- [ms-kpi] [           main] o.h.e.t.j.p.i.JtaPlatformInitiator       : HHH000489: No JTA platform available (set 'hibernate.transaction.jta.platform' to enable JTA platform integration)
Hibernate: 
    create table areas (
        id bigint generated by default as identity,
        nombre varchar(255),
        primary key (id)
    )
Hibernate: 
    create table indicador (
        id bigint generated by default as identity,
        area varchar(255),
        descripcion varchar(255),
        estado varchar(255),
        meta float(53),
        nombre varchar(255),
        unidad_medida varchar(255),
        valor_actual float(53),
        primary key (id)
    )
2026-06-25T13:27:02.414-04:00  INFO 29768 --- [ms-kpi] [           main] j.LocalContainerEntityManagerFactoryBean : Initialized JPA EntityManagerFactory for persistence unit 'default'
2026-06-25T13:27:02.615-04:00  INFO 29768 --- [ms-kpi] [           main] c.g.m.repository.AreaRepositoryTest      : Started AreaRepositoryTest in 1.619 seconds (process running for 3.043)
Hibernate: 
    insert 
    into
        areas
        (nombre, id) 
    values
        (?, default)
Hibernate: 
    insert 
    into
        areas
        (nombre, id) 
    values
        (?, default)
Hibernate: 
    select
        a1_0.id,
        a1_0.nombre 
    from
        areas a1_0
]]></system-out>
  </testcase>
  <testcase name="guardarArea_debePersistirCorrectamente" classname="com.groupcordillera.ms_kpi.repository.AreaRepositoryTest" time="0.003">
    <system-out><![CDATA[Hibernate: 
    insert 
    into
        areas
        (nombre, id) 
    values
        (?, default)
]]></system-out>
  </testcase>
</testsuite>